<?xml version="1.0" encoding="UTF-8"?>
<!-- Generated by org.testng.reporters.JUnitXMLReporter -->
<testsuite hostname="WCNJX186009-2PU" name="TestBing" tests="1" failures="1" timestamp="2 Nov 2015 09:05:32 GMT" time="14.414" errors="0">
  <testcase name="testBing_1 on null(tse.testCases.TestBingTestCase)" time="6.313" classname="tse.testCases.TestBingTestCase">
    <failure type="java.lang.NullPointerException">
      <![CDATA[java.lang.NullPointerException
	at java.net.URLEncoder.encode(Unknown Source)
	at org.openqa.selenium.net.Urls.urlEncode(Urls.java:63)
	at com.thoughtworks.selenium.DefaultRemoteCommand.getCommandURLString(DefaultRemoteCommand.java:59)
	at com.thoughtworks.selenium.HttpCommandProcessor.doCommand(HttpCommandProcessor.java:100)
	at com.thoughtworks.selenium.DefaultSelenium.type(DefaultSelenium.java:322)
	at tse.tasks.TestBingTasks.typeSearchTxtField(TestBingTasks.java:38)
	at tse.testCases.TestBingTestCase.testBing_1(TestBingTestCase.java:47)
... Removed 24 stack frames]]>
    </failure>
  </testcase> <!-- testBing_1 on null(tse.testCases.TestBingTestCase) -->
</testsuite> <!-- TestBing -->
