<?xml version="1.0" encoding="UTF-8"?>
<!-- Generated by org.testng.reporters.JUnitXMLReporter -->
<testsuite hostname="WCNJX186009-2PU" name="TestGoogle" tests="2" failures="2" timestamp="2 Nov 2015 09:04:57 GMT" time="72.444" errors="0">
  <testcase name="testGoogle_1 on null(tse.testCases.TestGoogleTestCase)" time="33.224" classname="tse.testCases.TestGoogleTestCase">
    <failure type="java.lang.NullPointerException">
      <![CDATA[java.lang.NullPointerException
	at java.net.URLEncoder.encode(Unknown Source)
	at org.openqa.selenium.net.Urls.urlEncode(Urls.java:63)
	at com.thoughtworks.selenium.DefaultRemoteCommand.getCommandURLString(DefaultRemoteCommand.java:59)
	at com.thoughtworks.selenium.HttpCommandProcessor.doCommand(HttpCommandProcessor.java:100)
	at com.thoughtworks.selenium.DefaultSelenium.type(DefaultSelenium.java:322)
	at tse.tasks.TestGoogleTasks.typeSearchTxtField(TestGoogleTasks.java:38)
	at tse.testCases.TestGoogleTestCase.testGoogle_1(TestGoogleTestCase.java:48)
... Removed 24 stack frames]]>
    </failure>
  </testcase> <!-- testGoogle_1 on null(tse.testCases.TestGoogleTestCase) -->
  <testcase name="testGoogle_2 on null(tse.testCases.TestGoogleTestCase)" time="31.072" classname="tse.testCases.TestGoogleTestCase">
    <failure type="java.lang.NullPointerException">
      <![CDATA[java.lang.NullPointerException
	at java.net.URLEncoder.encode(Unknown Source)
	at org.openqa.selenium.net.Urls.urlEncode(Urls.java:63)
	at com.thoughtworks.selenium.DefaultRemoteCommand.getCommandURLString(DefaultRemoteCommand.java:59)
	at com.thoughtworks.selenium.HttpCommandProcessor.doCommand(HttpCommandProcessor.java:100)
	at com.thoughtworks.selenium.DefaultSelenium.type(DefaultSelenium.java:322)
	at tse.tasks.TestGoogleTasks.typeSearchTxtField(TestGoogleTasks.java:38)
	at tse.testCases.TestGoogleTestCase.testGoogle_2(TestGoogleTestCase.java:62)
... Removed 24 stack frames]]>
    </failure>
  </testcase> <!-- testGoogle_2 on null(tse.testCases.TestGoogleTestCase) -->
</testsuite> <!-- TestGoogle -->
