<?xml version="1.0" encoding="UTF-8"?>
<!-- Generated by org.testng.reporters.JUnitXMLReporter -->
<testsuite hostname="WCNJX186009-2PU" name="TestBaidu" tests="1" failures="1" timestamp="2 Nov 2015 09:05:18 GMT" time="20.614" errors="0">
  <testcase name="testBaidu_1 on null(tse.testCases.TestBaiduTestCase)" time="12.883" classname="tse.testCases.TestBaiduTestCase">
    <failure type="java.lang.NullPointerException">
      <![CDATA[java.lang.NullPointerException
	at java.net.URLEncoder.encode(Unknown Source)
	at org.openqa.selenium.net.Urls.urlEncode(Urls.java:63)
	at com.thoughtworks.selenium.DefaultRemoteCommand.getCommandURLString(DefaultRemoteCommand.java:59)
	at com.thoughtworks.selenium.HttpCommandProcessor.doCommand(HttpCommandProcessor.java:100)
	at com.thoughtworks.selenium.DefaultSelenium.type(DefaultSelenium.java:322)
	at tse.tasks.TestBaiduTasks.typeSearchTxtField(TestBaiduTasks.java:38)
	at tse.testCases.TestBaiduTestCase.testBaidu_1(TestBaiduTestCase.java:47)
... Removed 24 stack frames]]>
    </failure>
  </testcase> <!-- testBaidu_1 on null(tse.testCases.TestBaiduTestCase) -->
</testsuite> <!-- TestBaidu -->
