<?xml version="1.0" encoding="UTF-8"?>
<!-- Generated by org.testng.reporters.JUnitXMLReporter -->
<testsuite hostname="WCNJX186009-2PU" name="Test Google" tests="2" failures="0" timestamp="2 Nov 2015 10:34:48 GMT" time="38.445" errors="0">
  <testcase name="testGoogle_1 on null(tse.testCases.TestGoogleTestCase)" time="16.199" classname="tse.testCases.TestGoogleTestCase"/>
  <testcase name="testGoogle_2 on null(tse.testCases.TestGoogleTestCase)" time="12.329" classname="tse.testCases.TestGoogleTestCase"/>
</testsuite> <!-- Test Google -->
