<?xml version="1.0" encoding="UTF-8"?>
<testng-results skipped="0" failed="0" total="1" passed="1">
  <reporter-output>
  </reporter-output>
  <suite name="Default suite" duration-ms="20078" started-at="2015-11-04T03:32:34Z" finished-at="2015-11-04T03:32:54Z">
    <groups>
    </groups>
    <test name="Default test" duration-ms="20078" started-at="2015-11-04T03:32:34Z" finished-at="2015-11-04T03:32:54Z">
      <class name="tse.testCases.TestSnipshot">
        <test-method status="PASS" signature="testSnapshot()[pri:0, instance:tse.testCases.TestSnipshot@755ee1ed]" name="testSnapshot" duration-ms="20058" started-at="2015-11-04T11:32:34Z" finished-at="2015-11-04T11:32:54Z">
          <reporter-output>
          </reporter-output>
        </test-method> <!-- testSnapshot -->
      </class> <!-- tse.testCases.TestSnipshot -->
    </test> <!-- Default test -->
  </suite> <!-- Default suite -->
</testng-results>
